2021-05-15 17:04:31.906 [scheduling-1] ERROR com.oket.getdata.timer.Timer - 基础信息不完整---DataBaseConfigInfoEntity(stationShortName=B, ipAndPort=localhost:3306, username=admin, password=123456, oilCanNos=null)
2021-05-15 17:04:31.992 [oket-custom-thread-1] ERROR com.oket.getdata.util.CustomFileUtil - 获取mysql链接失败---url:jdbc:mysql://localhost:3306/database0?characterEcoding=utf-8&useSSL=false&serverTimezone=Asia/Shanghai&rewriteBatchedStatements=true---user:admin---pwd:123456Access denied for user 'admin'@'localhost' (using password: YES)
2021-05-15 17:04:31.992 [oket-custom-thread-1] ERROR com.oket.getdata.database.OperatingDatabaseImpl - 获取一个罐的所有油枪出错---null
2021-05-15 17:04:31.996 [oket-custom-thread-1] ERROR com.oket.getdata.util.CustomFileUtil - 获取mysql链接失败---url:jdbc:mysql://localhost:3306/database0?characterEcoding=utf-8&useSSL=false&serverTimezone=Asia/Shanghai&rewriteBatchedStatements=true---user:admin---pwd:123456Access denied for user 'admin'@'localhost' (using password: YES)
2021-05-15 17:04:32.020 [oket-custom-thread-1] ERROR com.oket.getdata.database.OperatingDatabaseImpl - 查询单罐罐存数据出错---null
2021-05-15 17:06:11.234 [scheduling-1] ERROR com.oket.getdata.timer.Timer - 基础信息不完整---DataBaseConfigInfoEntity(stationShortName=B, ipAndPort=localhost:3306, username=admin, password=root123, oilCanNos=null)
2021-05-15 17:06:11.313 [oket-custom-thread-1] ERROR com.oket.getdata.util.CustomFileUtil - 获取mysql链接失败---url:jdbc:mysql://localhost:3306/database0?characterEcoding=utf-8&useSSL=false&serverTimezone=Asia/Shanghai&rewriteBatchedStatements=true---user:admin---pwd:root123Access denied for user 'admin'@'localhost' (using password: YES)
2021-05-15 17:06:11.313 [oket-custom-thread-1] ERROR com.oket.getdata.database.OperatingDatabaseImpl - 获取一个罐的所有油枪出错---null
2021-05-15 17:06:11.315 [oket-custom-thread-1] ERROR com.oket.getdata.util.CustomFileUtil - 获取mysql链接失败---url:jdbc:mysql://localhost:3306/database0?characterEcoding=utf-8&useSSL=false&serverTimezone=Asia/Shanghai&rewriteBatchedStatements=true---user:admin---pwd:root123Access denied for user 'admin'@'localhost' (using password: YES)
2021-05-15 17:06:11.339 [oket-custom-thread-1] ERROR com.oket.getdata.database.OperatingDatabaseImpl - 查询单罐罐存数据出错---null
2021-05-15 17:07:34.740 [scheduling-1] ERROR com.oket.getdata.timer.Timer - 基础信息不完整---DataBaseConfigInfoEntity(stationShortName=B, ipAndPort=localhost:3306, username=root, password=root123, oilCanNos=null)
2021-05-15 17:07:34.869 [oket-custom-thread-1] ERROR com.oket.getdata.database.OperatingDatabaseImpl - 查询单罐罐存数据出错---null
2021-05-15 17:07:34.872 [oket-custom-thread-1] ERROR com.oket.getdata.database.OperatingDatabaseImpl - 单罐销售数据出错---null
2021-05-15 17:07:34.880 [oket-custom-thread-1] ERROR com.oket.getdata.database.OperatingDatabaseImpl - 查询单罐罐存数据出错---null
2021-05-15 17:07:34.881 [oket-custom-thread-1] ERROR com.oket.getdata.database.OperatingDatabaseImpl - 单罐销售数据出错---null
2021-05-15 17:07:34.886 [oket-custom-thread-1] ERROR com.oket.getdata.database.OperatingDatabaseImpl - 查询单罐罐存数据出错---null
2021-05-15 17:07:34.888 [oket-custom-thread-1] ERROR com.oket.getdata.database.OperatingDatabaseImpl - 单罐销售数据出错---null
2021-05-15 17:10:10.332 [oket-custom-thread-1] ERROR com.oket.getdata.database.OperatingDatabaseImpl - 查询单罐罐存数据出错---null
2021-05-15 17:10:10.334 [oket-custom-thread-1] ERROR com.oket.getdata.database.OperatingDatabaseImpl - 单罐销售数据出错---null
2021-05-15 17:10:10.340 [oket-custom-thread-1] ERROR com.oket.getdata.database.OperatingDatabaseImpl - 查询单罐罐存数据出错---null
2021-05-15 17:10:10.342 [oket-custom-thread-1] ERROR com.oket.getdata.database.OperatingDatabaseImpl - 单罐销售数据出错---null
2021-05-15 17:10:10.346 [oket-custom-thread-1] ERROR com.oket.getdata.database.OperatingDatabaseImpl - 查询单罐罐存数据出错---null
2021-05-15 17:10:10.347 [oket-custom-thread-1] ERROR com.oket.getdata.database.OperatingDatabaseImpl - 单罐销售数据出错---null
2021-05-15 17:11:14.013 [oket-custom-thread-1] ERROR com.oket.getdata.database.OperatingDatabaseImpl - 查询单罐罐存数据出错---null
2021-05-15 17:11:14.013 [oket-custom-thread-2] ERROR com.oket.getdata.database.OperatingDatabaseImpl - 查询单罐罐存数据出错---null
2021-05-15 17:11:14.015 [oket-custom-thread-1] ERROR com.oket.getdata.database.OperatingDatabaseImpl - 单罐销售数据出错---null
2021-05-15 17:11:14.015 [oket-custom-thread-2] ERROR com.oket.getdata.database.OperatingDatabaseImpl - 单罐销售数据出错---null
2021-05-15 17:11:14.020 [oket-custom-thread-1] ERROR com.oket.getdata.database.OperatingDatabaseImpl - 查询单罐罐存数据出错---null
2021-05-15 17:11:14.021 [oket-custom-thread-2] ERROR com.oket.getdata.database.OperatingDatabaseImpl - 查询单罐罐存数据出错---null
2021-05-15 17:11:14.021 [oket-custom-thread-1] ERROR com.oket.getdata.database.OperatingDatabaseImpl - 单罐销售数据出错---null
2021-05-15 17:11:14.022 [oket-custom-thread-2] ERROR com.oket.getdata.database.OperatingDatabaseImpl - 单罐销售数据出错---null
2021-05-15 17:11:14.024 [oket-custom-thread-1] ERROR com.oket.getdata.database.OperatingDatabaseImpl - 查询单罐罐存数据出错---null
2021-05-15 17:11:14.026 [oket-custom-thread-1] ERROR com.oket.getdata.database.OperatingDatabaseImpl - 单罐销售数据出错---null
2021-05-15 17:11:14.026 [oket-custom-thread-2] ERROR com.oket.getdata.database.OperatingDatabaseImpl - 查询单罐罐存数据出错---null
2021-05-15 17:11:14.027 [oket-custom-thread-2] ERROR com.oket.getdata.database.OperatingDatabaseImpl - 单罐销售数据出错---null
2021-05-15 17:11:14.031 [oket-custom-thread-2] ERROR com.oket.getdata.database.OperatingDatabaseImpl - 查询单罐罐存数据出错---null
2021-05-15 17:11:14.034 [oket-custom-thread-2] ERROR com.oket.getdata.database.OperatingDatabaseImpl - 单罐销售数据出错---null
2021-05-15 17:14:12.932 [oket-custom-thread-2] ERROR com.oket.getdata.database.OperatingDatabaseImpl - 查询单罐罐存数据出错---null
2021-05-15 17:14:12.932 [oket-custom-thread-1] ERROR com.oket.getdata.database.OperatingDatabaseImpl - 查询单罐罐存数据出错---null
2021-05-15 17:14:12.937 [oket-custom-thread-1] ERROR com.oket.getdata.database.OperatingDatabaseImpl - 单罐销售数据出错---null
2021-05-15 17:14:12.937 [oket-custom-thread-2] ERROR com.oket.getdata.database.OperatingDatabaseImpl - 单罐销售数据出错---null
2021-05-15 17:14:15.092 [oket-custom-thread-1] ERROR com.oket.getdata.database.OperatingDatabaseImpl - 查询单罐罐存数据出错---null
2021-05-15 17:14:15.092 [oket-custom-thread-2] ERROR com.oket.getdata.database.OperatingDatabaseImpl - 查询单罐罐存数据出错---null
2021-05-15 17:14:15.096 [oket-custom-thread-2] ERROR com.oket.getdata.database.OperatingDatabaseImpl - 单罐销售数据出错---null
2021-05-15 17:14:15.096 [oket-custom-thread-1] ERROR com.oket.getdata.database.OperatingDatabaseImpl - 单罐销售数据出错---null
2021-05-15 17:14:45.353 [oket-custom-thread-1] ERROR com.oket.getdata.database.OperatingDatabaseImpl - 查询单罐罐存数据出错---null
2021-05-15 17:14:55.367 [oket-custom-thread-2] ERROR com.oket.getdata.database.OperatingDatabaseImpl - 查询单罐罐存数据出错---null
2021-05-15 17:14:55.370 [oket-custom-thread-1] ERROR com.oket.getdata.database.OperatingDatabaseImpl - 单罐销售数据出错---null
2021-05-15 17:14:55.370 [oket-custom-thread-2] ERROR com.oket.getdata.database.OperatingDatabaseImpl - 单罐销售数据出错---null
2021-05-15 17:15:04.292 [oket-custom-thread-2] ERROR com.oket.getdata.database.OperatingDatabaseImpl - 查询单罐罐存数据出错---null
2021-05-15 17:15:04.295 [oket-custom-thread-2] ERROR com.oket.getdata.database.OperatingDatabaseImpl - 单罐销售数据出错---null
2021-05-15 17:16:45.504 [oket-custom-thread-2] ERROR com.oket.getdata.database.OperatingDatabaseImpl - 查询单罐罐存数据出错---null
2021-05-15 17:16:45.504 [oket-custom-thread-1] ERROR com.oket.getdata.database.OperatingDatabaseImpl - 查询单罐罐存数据出错---null
2021-05-15 17:16:45.508 [oket-custom-thread-2] ERROR com.oket.getdata.database.OperatingDatabaseImpl - 单罐销售数据出错---null
2021-05-15 17:16:45.508 [oket-custom-thread-1] ERROR com.oket.getdata.database.OperatingDatabaseImpl - 单罐销售数据出错---null
2021-05-15 17:16:49.141 [oket-custom-thread-1] ERROR com.oket.getdata.database.OperatingDatabaseImpl - 查询单罐罐存数据出错---null
2021-05-15 17:16:49.141 [oket-custom-thread-2] ERROR com.oket.getdata.database.OperatingDatabaseImpl - 查询单罐罐存数据出错---null
2021-05-15 17:16:49.144 [oket-custom-thread-2] ERROR com.oket.getdata.database.OperatingDatabaseImpl - 单罐销售数据出错---null
2021-05-15 17:16:49.145 [oket-custom-thread-1] ERROR com.oket.getdata.database.OperatingDatabaseImpl - 单罐销售数据出错---null
2021-05-15 17:16:49.149 [oket-custom-thread-1] ERROR com.oket.getdata.database.OperatingDatabaseImpl - 查询单罐罐存数据出错---null
2021-05-15 17:16:49.151 [oket-custom-thread-2] ERROR com.oket.getdata.database.OperatingDatabaseImpl - 查询单罐罐存数据出错---null
2021-05-15 17:16:49.151 [oket-custom-thread-1] ERROR com.oket.getdata.database.OperatingDatabaseImpl - 单罐销售数据出错---null
2021-05-15 17:16:49.153 [oket-custom-thread-2] ERROR com.oket.getdata.database.OperatingDatabaseImpl - 单罐销售数据出错---null
2021-05-15 17:16:49.158 [oket-custom-thread-2] ERROR com.oket.getdata.database.OperatingDatabaseImpl - 查询单罐罐存数据出错---null
2021-05-15 17:16:49.160 [oket-custom-thread-2] ERROR com.oket.getdata.database.OperatingDatabaseImpl - 单罐销售数据出错---null
2021-05-15 17:17:58.517 [oket-custom-thread-1] ERROR com.oket.getdata.database.OperatingDatabaseImpl - 查询单罐罐存数据出错---null
2021-05-15 17:17:58.517 [oket-custom-thread-2] ERROR com.oket.getdata.database.OperatingDatabaseImpl - 查询单罐罐存数据出错---null
2021-05-15 17:17:58.520 [oket-custom-thread-2] ERROR com.oket.getdata.database.OperatingDatabaseImpl - 单罐销售数据出错---null
2021-05-15 17:17:58.520 [oket-custom-thread-1] ERROR com.oket.getdata.database.OperatingDatabaseImpl - 单罐销售数据出错---null
2021-05-15 17:17:58.527 [oket-custom-thread-2] ERROR com.oket.getdata.database.OperatingDatabaseImpl - 查询单罐罐存数据出错---null
2021-05-15 17:17:58.527 [oket-custom-thread-1] ERROR com.oket.getdata.database.OperatingDatabaseImpl - 查询单罐罐存数据出错---null
2021-05-15 17:17:58.529 [oket-custom-thread-1] ERROR com.oket.getdata.database.OperatingDatabaseImpl - 单罐销售数据出错---null
2021-05-15 17:17:58.529 [oket-custom-thread-2] ERROR com.oket.getdata.database.OperatingDatabaseImpl - 单罐销售数据出错---null
2021-05-15 17:17:58.533 [oket-custom-thread-1] ERROR com.oket.getdata.database.OperatingDatabaseImpl - 查询单罐罐存数据出错---null
2021-05-15 17:17:58.533 [oket-custom-thread-2] ERROR com.oket.getdata.database.OperatingDatabaseImpl - 查询单罐罐存数据出错---null
2021-05-15 17:17:58.535 [oket-custom-thread-2] ERROR com.oket.getdata.database.OperatingDatabaseImpl - 单罐销售数据出错---null
2021-05-15 17:17:58.535 [oket-custom-thread-1] ERROR com.oket.getdata.database.OperatingDatabaseImpl - 单罐销售数据出错---null
2021-05-15 17:17:58.540 [oket-custom-thread-2] ERROR com.oket.getdata.database.OperatingDatabaseImpl - 查询单罐罐存数据出错---null
2021-05-15 17:17:58.543 [oket-custom-thread-2] ERROR com.oket.getdata.database.OperatingDatabaseImpl - 单罐销售数据出错---null
2021-05-15 17:18:25.889 [oket-custom-thread-2] ERROR com.oket.getdata.database.OperatingDatabaseImpl - 查询单罐罐存数据出错---null
2021-05-15 17:18:25.889 [oket-custom-thread-1] ERROR com.oket.getdata.database.OperatingDatabaseImpl - 查询单罐罐存数据出错---null
2021-05-15 17:18:25.891 [oket-custom-thread-2] ERROR com.oket.getdata.database.OperatingDatabaseImpl - 单罐销售数据出错---null
2021-05-15 17:18:25.891 [oket-custom-thread-1] ERROR com.oket.getdata.database.OperatingDatabaseImpl - 单罐销售数据出错---null
2021-05-15 17:18:25.897 [oket-custom-thread-2] ERROR com.oket.getdata.database.OperatingDatabaseImpl - 查询单罐罐存数据出错---null
2021-05-15 17:18:25.897 [oket-custom-thread-1] ERROR com.oket.getdata.database.OperatingDatabaseImpl - 查询单罐罐存数据出错---null
2021-05-15 17:18:25.899 [oket-custom-thread-2] ERROR com.oket.getdata.database.OperatingDatabaseImpl - 单罐销售数据出错---null
2021-05-15 17:18:25.899 [oket-custom-thread-1] ERROR com.oket.getdata.database.OperatingDatabaseImpl - 单罐销售数据出错---null
2021-05-15 17:18:25.903 [oket-custom-thread-1] ERROR com.oket.getdata.database.OperatingDatabaseImpl - 查询单罐罐存数据出错---null
2021-05-15 17:18:25.903 [oket-custom-thread-2] ERROR com.oket.getdata.database.OperatingDatabaseImpl - 查询单罐罐存数据出错---null
2021-05-15 17:18:25.905 [oket-custom-thread-1] ERROR com.oket.getdata.database.OperatingDatabaseImpl - 单罐销售数据出错---null
2021-05-15 17:18:25.905 [oket-custom-thread-2] ERROR com.oket.getdata.database.OperatingDatabaseImpl - 单罐销售数据出错---null
2021-05-15 17:18:25.909 [oket-custom-thread-2] ERROR com.oket.getdata.database.OperatingDatabaseImpl - 查询单罐罐存数据出错---null
2021-05-15 17:18:25.911 [oket-custom-thread-2] ERROR com.oket.getdata.database.OperatingDatabaseImpl - 单罐销售数据出错---null
