2021-07-26 09:21:31.490 [main] ERROR org.springframework.boot.SpringApplication - Application run failed
org.springframework.beans.factory.UnsatisfiedDependencyException: Error creating bean with name 'customApplicationRunner': Unsatisfied dependency expressed through field 'isSendInventory'; nested exception is org.springframework.beans.TypeMismatchException: Failed to convert value of type 'java.lang.String' to required type 'boolean'; nested exception is java.lang.IllegalArgumentException: Invalid boolean value []
	at org.springframework.beans.factory.annotation.AutowiredAnnotationBeanPostProcessor$AutowiredFieldElement.resolveFieldValue(AutowiredAnnotationBeanPostProcessor.java:660)
	at org.springframework.beans.factory.annotation.AutowiredAnnotationBeanPostProcessor$AutowiredFieldElement.inject(AutowiredAnnotationBeanPostProcessor.java:640)
	at org.springframework.beans.factory.annotation.InjectionMetadata.inject(InjectionMetadata.java:119)
	at org.springframework.beans.factory.annotation.AutowiredAnnotationBeanPostProcessor.postProcessProperties(AutowiredAnnotationBeanPostProcessor.java:399)
	at org.springframework.beans.factory.support.AbstractAutowireCapableBeanFactory.populateBean(AbstractAutowireCapableBeanFactory.java:1413)
	at org.springframework.beans.factory.support.AbstractAutowireCapableBeanFactory.doCreateBean(AbstractAutowireCapableBeanFactory.java:601)
	at org.springframework.beans.factory.support.AbstractAutowireCapableBeanFactory.createBean(AbstractAutowireCapableBeanFactory.java:524)
	at org.springframework.beans.factory.support.AbstractBeanFactory.lambda$doGetBean$0(AbstractBeanFactory.java:335)
	at org.springframework.beans.factory.support.DefaultSingletonBeanRegistry.getSingleton(DefaultSingletonBeanRegistry.java:234)
	at org.springframework.beans.factory.support.AbstractBeanFactory.doGetBean(AbstractBeanFactory.java:333)
	at org.springframework.beans.factory.support.AbstractBeanFactory.getBean(AbstractBeanFactory.java:208)
	at org.springframework.beans.factory.support.DefaultListableBeanFactory.preInstantiateSingletons(DefaultListableBeanFactory.java:944)
	at org.springframework.context.support.AbstractApplicationContext.finishBeanFactoryInitialization(AbstractApplicationContext.java:918)
	at org.springframework.context.support.AbstractApplicationContext.refresh(AbstractApplicationContext.java:583)
	at org.springframework.boot.SpringApplication.refresh(SpringApplication.java:754)
	at org.springframework.boot.SpringApplication.refreshContext(SpringApplication.java:434)
	at org.springframework.boot.SpringApplication.run(SpringApplication.java:338)
	at org.springframework.boot.SpringApplication.run(SpringApplication.java:1343)
	at org.springframework.boot.SpringApplication.run(SpringApplication.java:1332)
	at com.example.client.ClientApplication.main(ClientApplication.java:10)
Caused by: org.springframework.beans.TypeMismatchException: Failed to convert value of type 'java.lang.String' to required type 'boolean'; nested exception is java.lang.IllegalArgumentException: Invalid boolean value []
	at org.springframework.beans.TypeConverterSupport.convertIfNecessary(TypeConverterSupport.java:79)
	at org.springframework.beans.factory.support.DefaultListableBeanFactory.doResolveDependency(DefaultListableBeanFactory.java:1328)
	at org.springframework.beans.factory.support.DefaultListableBeanFactory.resolveDependency(DefaultListableBeanFactory.java:1300)
	at org.springframework.beans.factory.annotation.AutowiredAnnotationBeanPostProcessor$AutowiredFieldElement.resolveFieldValue(AutowiredAnnotationBeanPostProcessor.java:657)
	... 19 common frames omitted
Caused by: java.lang.IllegalArgumentException: Invalid boolean value []
	at org.springframework.beans.propertyeditors.CustomBooleanEditor.setAsText(CustomBooleanEditor.java:154)
	at org.springframework.beans.TypeConverterDelegate.doConvertTextValue(TypeConverterDelegate.java:429)
	at org.springframework.beans.TypeConverterDelegate.doConvertValue(TypeConverterDelegate.java:402)
	at org.springframework.beans.TypeConverterDelegate.convertIfNecessary(TypeConverterDelegate.java:155)
	at org.springframework.beans.TypeConverterSupport.convertIfNecessary(TypeConverterSupport.java:73)
	... 22 common frames omitted
2021-07-26 09:52:28.452 [main] ERROR org.springframework.boot.SpringApplication - Application run failed
org.springframework.beans.factory.UnsatisfiedDependencyException: Error creating bean with name 'customApplicationRunner': Unsatisfied dependency expressed through field 'stationNumber'; nested exception is org.springframework.beans.TypeMismatchException: Failed to convert value of type 'java.lang.String' to required type 'java.lang.Integer'; nested exception is java.lang.NumberFormatException: For input string: "true"
	at org.springframework.beans.factory.annotation.AutowiredAnnotationBeanPostProcessor$AutowiredFieldElement.resolveFieldValue(AutowiredAnnotationBeanPostProcessor.java:660)
	at org.springframework.beans.factory.annotation.AutowiredAnnotationBeanPostProcessor$AutowiredFieldElement.inject(AutowiredAnnotationBeanPostProcessor.java:640)
	at org.springframework.beans.factory.annotation.InjectionMetadata.inject(InjectionMetadata.java:119)
	at org.springframework.beans.factory.annotation.AutowiredAnnotationBeanPostProcessor.postProcessProperties(AutowiredAnnotationBeanPostProcessor.java:399)
	at org.springframework.beans.factory.support.AbstractAutowireCapableBeanFactory.populateBean(AbstractAutowireCapableBeanFactory.java:1413)
	at org.springframework.beans.factory.support.AbstractAutowireCapableBeanFactory.doCreateBean(AbstractAutowireCapableBeanFactory.java:601)
	at org.springframework.beans.factory.support.AbstractAutowireCapableBeanFactory.createBean(AbstractAutowireCapableBeanFactory.java:524)
	at org.springframework.beans.factory.support.AbstractBeanFactory.lambda$doGetBean$0(AbstractBeanFactory.java:335)
	at org.springframework.beans.factory.support.DefaultSingletonBeanRegistry.getSingleton(DefaultSingletonBeanRegistry.java:234)
	at org.springframework.beans.factory.support.AbstractBeanFactory.doGetBean(AbstractBeanFactory.java:333)
	at org.springframework.beans.factory.support.AbstractBeanFactory.getBean(AbstractBeanFactory.java:208)
	at org.springframework.beans.factory.support.DefaultListableBeanFactory.preInstantiateSingletons(DefaultListableBeanFactory.java:944)
	at org.springframework.context.support.AbstractApplicationContext.finishBeanFactoryInitialization(AbstractApplicationContext.java:918)
	at org.springframework.context.support.AbstractApplicationContext.refresh(AbstractApplicationContext.java:583)
	at org.springframework.boot.SpringApplication.refresh(SpringApplication.java:754)
	at org.springframework.boot.SpringApplication.refreshContext(SpringApplication.java:434)
	at org.springframework.boot.SpringApplication.run(SpringApplication.java:338)
	at org.springframework.boot.SpringApplication.run(SpringApplication.java:1343)
	at org.springframework.boot.SpringApplication.run(SpringApplication.java:1332)
	at com.example.client.ClientApplication.main(ClientApplication.java:10)
Caused by: org.springframework.beans.TypeMismatchException: Failed to convert value of type 'java.lang.String' to required type 'java.lang.Integer'; nested exception is java.lang.NumberFormatException: For input string: "true"
	at org.springframework.beans.TypeConverterSupport.convertIfNecessary(TypeConverterSupport.java:79)
	at org.springframework.beans.factory.support.DefaultListableBeanFactory.doResolveDependency(DefaultListableBeanFactory.java:1328)
	at org.springframework.beans.factory.support.DefaultListableBeanFactory.resolveDependency(DefaultListableBeanFactory.java:1300)
	at org.springframework.beans.factory.annotation.AutowiredAnnotationBeanPostProcessor$AutowiredFieldElement.resolveFieldValue(AutowiredAnnotationBeanPostProcessor.java:657)
	... 19 common frames omitted
Caused by: java.lang.NumberFormatException: For input string: "true"
	at java.lang.NumberFormatException.forInputString(NumberFormatException.java:65)
	at java.lang.Integer.parseInt(Integer.java:580)
	at java.lang.Integer.valueOf(Integer.java:766)
	at org.springframework.util.NumberUtils.parseNumber(NumberUtils.java:211)
	at org.springframework.beans.propertyeditors.CustomNumberEditor.setAsText(CustomNumberEditor.java:115)
	at org.springframework.beans.TypeConverterDelegate.doConvertTextValue(TypeConverterDelegate.java:429)
	at org.springframework.beans.TypeConverterDelegate.doConvertValue(TypeConverterDelegate.java:402)
	at org.springframework.beans.TypeConverterDelegate.convertIfNecessary(TypeConverterDelegate.java:155)
	at org.springframework.beans.TypeConverterSupport.convertIfNecessary(TypeConverterSupport.java:73)
	... 22 common frames omitted
2021-07-26 15:34:11.167 [sendMessage-thread-2] ERROR c.example.client.operatingfile.util.OperatingFile - 读取文件出错---F:\data\cjpt\delivery\header.txt (系统找不到指定的路径。)
java.io.FileNotFoundException: F:\data\cjpt\delivery\header.txt (系统找不到指定的路径。)
	at java.io.FileInputStream.open0(Native Method)
	at java.io.FileInputStream.open(FileInputStream.java:195)
	at java.io.FileInputStream.<init>(FileInputStream.java:138)
	at java.io.FileInputStream.<init>(FileInputStream.java:93)
	at com.example.client.operatingfile.util.OperatingFile.readFile(OperatingFile.java:30)
	at com.example.client.operatingfile.DeliveryMessage.getHeader(DeliveryMessage.java:32)
	at com.example.client.operatingfile.superior.GetMessage.getMessages(GetMessage.java:27)
	at com.example.client.operatingfile.DeliveryMessage.getMessages(DeliveryMessage.java:26)
	at com.example.client.customthread.Client.run(Client.java:111)
	at java.util.concurrent.ThreadPoolExecutor.runWorker(ThreadPoolExecutor.java:1149)
	at java.util.concurrent.ThreadPoolExecutor$Worker.run(ThreadPoolExecutor.java:624)
	at java.lang.Thread.run(Thread.java:748)
2021-07-26 15:34:11.167 [sendMessage-thread-1] ERROR c.example.client.operatingfile.util.OperatingFile - 读取文件出错---F:\data\cjpt\delivery\header.txt (系统找不到指定的路径。)
java.io.FileNotFoundException: F:\data\cjpt\delivery\header.txt (系统找不到指定的路径。)
	at java.io.FileInputStream.open0(Native Method)
	at java.io.FileInputStream.open(FileInputStream.java:195)
	at java.io.FileInputStream.<init>(FileInputStream.java:138)
	at java.io.FileInputStream.<init>(FileInputStream.java:93)
	at com.example.client.operatingfile.util.OperatingFile.readFile(OperatingFile.java:30)
	at com.example.client.operatingfile.DeliveryMessage.getHeader(DeliveryMessage.java:32)
	at com.example.client.operatingfile.superior.GetMessage.getMessages(GetMessage.java:27)
	at com.example.client.operatingfile.DeliveryMessage.getMessages(DeliveryMessage.java:26)
	at com.example.client.customthread.Client.run(Client.java:111)
	at java.util.concurrent.ThreadPoolExecutor.runWorker(ThreadPoolExecutor.java:1149)
	at java.util.concurrent.ThreadPoolExecutor$Worker.run(ThreadPoolExecutor.java:624)
	at java.lang.Thread.run(Thread.java:748)
2021-07-26 15:34:11.168 [sendMessage-thread-2] ERROR c.example.client.operatingfile.util.OperatingFile - 读取文件出错---F:\data\cjpt\delivery\content.txt (系统找不到指定的路径。)
java.io.FileNotFoundException: F:\data\cjpt\delivery\content.txt (系统找不到指定的路径。)
	at java.io.FileInputStream.open0(Native Method)
	at java.io.FileInputStream.open(FileInputStream.java:195)
	at java.io.FileInputStream.<init>(FileInputStream.java:138)
	at java.io.FileInputStream.<init>(FileInputStream.java:93)
	at com.example.client.operatingfile.util.OperatingFile.readFile(OperatingFile.java:30)
	at com.example.client.operatingfile.DeliveryMessage.getContent(DeliveryMessage.java:38)
	at com.example.client.operatingfile.superior.GetMessage.getMessages(GetMessage.java:28)
	at com.example.client.operatingfile.DeliveryMessage.getMessages(DeliveryMessage.java:26)
	at com.example.client.customthread.Client.run(Client.java:111)
	at java.util.concurrent.ThreadPoolExecutor.runWorker(ThreadPoolExecutor.java:1149)
	at java.util.concurrent.ThreadPoolExecutor$Worker.run(ThreadPoolExecutor.java:624)
	at java.lang.Thread.run(Thread.java:748)
2021-07-26 15:34:11.168 [sendMessage-thread-1] ERROR c.example.client.operatingfile.util.OperatingFile - 读取文件出错---F:\data\cjpt\delivery\content.txt (系统找不到指定的路径。)
java.io.FileNotFoundException: F:\data\cjpt\delivery\content.txt (系统找不到指定的路径。)
	at java.io.FileInputStream.open0(Native Method)
	at java.io.FileInputStream.open(FileInputStream.java:195)
	at java.io.FileInputStream.<init>(FileInputStream.java:138)
	at java.io.FileInputStream.<init>(FileInputStream.java:93)
	at com.example.client.operatingfile.util.OperatingFile.readFile(OperatingFile.java:30)
	at com.example.client.operatingfile.DeliveryMessage.getContent(DeliveryMessage.java:38)
	at com.example.client.operatingfile.superior.GetMessage.getMessages(GetMessage.java:28)
	at com.example.client.operatingfile.DeliveryMessage.getMessages(DeliveryMessage.java:26)
	at com.example.client.customthread.Client.run(Client.java:111)
	at java.util.concurrent.ThreadPoolExecutor.runWorker(ThreadPoolExecutor.java:1149)
	at java.util.concurrent.ThreadPoolExecutor$Worker.run(ThreadPoolExecutor.java:624)
	at java.lang.Thread.run(Thread.java:748)
2021-07-26 15:39:56.434 [sendMessage-thread-1] ERROR c.example.client.operatingfile.util.OperatingFile - 读取文件出错---F:\data\cjpt\delivery\header.txt (系统找不到指定的路径。)
java.io.FileNotFoundException: F:\data\cjpt\delivery\header.txt (系统找不到指定的路径。)
	at java.io.FileInputStream.open0(Native Method)
	at java.io.FileInputStream.open(FileInputStream.java:195)
	at java.io.FileInputStream.<init>(FileInputStream.java:138)
	at java.io.FileInputStream.<init>(FileInputStream.java:93)
	at com.example.client.operatingfile.util.OperatingFile.readFile(OperatingFile.java:30)
	at com.example.client.operatingfile.DeliveryMessage.getHeader(DeliveryMessage.java:32)
	at com.example.client.operatingfile.superior.GetMessage.getMessages(GetMessage.java:27)
	at com.example.client.operatingfile.DeliveryMessage.getMessages(DeliveryMessage.java:26)
	at com.example.client.customthread.Client.run(Client.java:120)
	at java.util.concurrent.ThreadPoolExecutor.runWorker(ThreadPoolExecutor.java:1149)
	at java.util.concurrent.ThreadPoolExecutor$Worker.run(ThreadPoolExecutor.java:624)
	at java.lang.Thread.run(Thread.java:748)
2021-07-26 15:39:56.434 [sendMessage-thread-2] ERROR c.example.client.operatingfile.util.OperatingFile - 读取文件出错---F:\data\cjpt\delivery\header.txt (系统找不到指定的路径。)
java.io.FileNotFoundException: F:\data\cjpt\delivery\header.txt (系统找不到指定的路径。)
	at java.io.FileInputStream.open0(Native Method)
	at java.io.FileInputStream.open(FileInputStream.java:195)
	at java.io.FileInputStream.<init>(FileInputStream.java:138)
	at java.io.FileInputStream.<init>(FileInputStream.java:93)
	at com.example.client.operatingfile.util.OperatingFile.readFile(OperatingFile.java:30)
	at com.example.client.operatingfile.DeliveryMessage.getHeader(DeliveryMessage.java:32)
	at com.example.client.operatingfile.superior.GetMessage.getMessages(GetMessage.java:27)
	at com.example.client.operatingfile.DeliveryMessage.getMessages(DeliveryMessage.java:26)
	at com.example.client.customthread.Client.run(Client.java:120)
	at java.util.concurrent.ThreadPoolExecutor.runWorker(ThreadPoolExecutor.java:1149)
	at java.util.concurrent.ThreadPoolExecutor$Worker.run(ThreadPoolExecutor.java:624)
	at java.lang.Thread.run(Thread.java:748)
2021-07-26 15:39:56.434 [sendMessage-thread-1] ERROR c.example.client.operatingfile.util.OperatingFile - 读取文件出错---F:\data\cjpt\delivery\content.txt (系统找不到指定的路径。)
java.io.FileNotFoundException: F:\data\cjpt\delivery\content.txt (系统找不到指定的路径。)
	at java.io.FileInputStream.open0(Native Method)
	at java.io.FileInputStream.open(FileInputStream.java:195)
	at java.io.FileInputStream.<init>(FileInputStream.java:138)
	at java.io.FileInputStream.<init>(FileInputStream.java:93)
	at com.example.client.operatingfile.util.OperatingFile.readFile(OperatingFile.java:30)
	at com.example.client.operatingfile.DeliveryMessage.getContent(DeliveryMessage.java:38)
	at com.example.client.operatingfile.superior.GetMessage.getMessages(GetMessage.java:28)
	at com.example.client.operatingfile.DeliveryMessage.getMessages(DeliveryMessage.java:26)
	at com.example.client.customthread.Client.run(Client.java:120)
	at java.util.concurrent.ThreadPoolExecutor.runWorker(ThreadPoolExecutor.java:1149)
	at java.util.concurrent.ThreadPoolExecutor$Worker.run(ThreadPoolExecutor.java:624)
	at java.lang.Thread.run(Thread.java:748)
2021-07-26 15:39:56.434 [sendMessage-thread-2] ERROR c.example.client.operatingfile.util.OperatingFile - 读取文件出错---F:\data\cjpt\delivery\content.txt (系统找不到指定的路径。)
java.io.FileNotFoundException: F:\data\cjpt\delivery\content.txt (系统找不到指定的路径。)
	at java.io.FileInputStream.open0(Native Method)
	at java.io.FileInputStream.open(FileInputStream.java:195)
	at java.io.FileInputStream.<init>(FileInputStream.java:138)
	at java.io.FileInputStream.<init>(FileInputStream.java:93)
	at com.example.client.operatingfile.util.OperatingFile.readFile(OperatingFile.java:30)
	at com.example.client.operatingfile.DeliveryMessage.getContent(DeliveryMessage.java:38)
	at com.example.client.operatingfile.superior.GetMessage.getMessages(GetMessage.java:28)
	at com.example.client.operatingfile.DeliveryMessage.getMessages(DeliveryMessage.java:26)
	at com.example.client.customthread.Client.run(Client.java:120)
	at java.util.concurrent.ThreadPoolExecutor.runWorker(ThreadPoolExecutor.java:1149)
	at java.util.concurrent.ThreadPoolExecutor$Worker.run(ThreadPoolExecutor.java:624)
	at java.lang.Thread.run(Thread.java:748)
